[03Aug2025 00:02:15.294] [Server thread/INFO] [net.minecraft.server.MinecraftServer/]: [@: Set the time to 1000]
[03Aug2025 00:09:12.892] [Server thread/INFO] [net.minecraft.server.MinecraftServer/]: Agus2000 has made the advancement [Glow and Behold!]
[03Aug2025 00:10:23.201] [Server thread/INFO] [net.minecraft.server.MinecraftServer/]: [@: Gave 1 [Diamond Sword] to 3]
[03Aug2025 00:10:23.202] [Server thread/INFO] [net.minecraft.server.MinecraftServer/]: SALCOPE25 has made the advancement [Cover Me with Diamonds]
[03Aug2025 00:10:23.203] [Server thread/INFO] [net.minecraft.server.MinecraftServer/]: Agus2000 has made the advancement [Cover Me with Diamonds]
[03Aug2025 00:10:23.203] [Server thread/INFO] [net.minecraft.server.MinecraftServer/]: Ice_T166 has made the advancement [Cover Me with Diamonds]
[03Aug2025 00:10:23.204] [Server thread/INFO] [net.minecraft.server.MinecraftServer/]: [@: Gave 1 [Diamond Helmet] to 3]
[03Aug2025 00:10:23.299] [Server thread/INFO] [net.minecraft.server.MinecraftServer/]: [@: Gave 1 [Diamond Boots] to 3]
[03Aug2025 00:10:23.304] [Server thread/INFO] [net.minecraft.server.MinecraftServer/]: [@: Gave 1 [Shield] to 3]
[03Aug2025 00:10:23.400] [Server thread/INFO] [net.minecraft.server.MinecraftServer/]: [@: Gave 1 [Diamond Chestplate] to 3]
[03Aug2025 00:10:23.402] [Server thread/INFO] [net.minecraft.server.MinecraftServer/]: [@: Gave 1 [Diamond Axe] to 3]
[03Aug2025 00:10:23.495] [Server thread/INFO] [net.minecraft.server.MinecraftServer/]: [@: Gave 1 [Diamond Leggings] to 3]
[03Aug2025 00:10:23.498] [Server thread/INFO] [net.minecraft.server.MinecraftServer/]: [@: Gave 6 [Golden Apple] to 3]
[03Aug2025 00:10:45.597] [Server thread/INFO] [net.minecraft.server.MinecraftServer/]: [@: Gave 1 [Diamond Sword] to 3]
[03Aug2025 00:10:45.606] [Server thread/INFO] [net.minecraft.server.MinecraftServer/]: [@: Gave 1 [Diamond Helmet] to 3]
[03Aug2025 00:10:45.704] [Server thread/INFO] [net.minecraft.server.MinecraftServer/]: [@: Gave 1 [Diamond Boots] to 3]
[03Aug2025 00:10:45.797] [Server thread/INFO] [net.minecraft.server.MinecraftServer/]: [@: Gave 1 [Diamond Chestplate] to 3]
[03Aug2025 00:10:45.895] [Server thread/INFO] [net.minecraft.server.MinecraftServer/]: [@: Gave 1 [Diamond Leggings] to 3]
[03Aug2025 00:10:45.897] [Server thread/INFO] [net.minecraft.server.MinecraftServer/]: [@: Gave 6 [Golden Apple] to 3]
[03Aug2025 00:11:02.192] [Server thread/INFO] [net.minecraft.server.MinecraftServer/]: [Agus2000: Removed 50 item(s) from 3 players]
[03Aug2025 00:11:28.294] [Server thread/INFO] [net.minecraft.server.MinecraftServer/]: [@: Set the time to 1000]
[03Aug2025 00:20:41.294] [Server thread/INFO] [net.minecraft.server.MinecraftServer/]: [@: Set the time to 1000]
[03Aug2025 00:29:54.294] [Server thread/INFO] [net.minecraft.server.MinecraftServer/]: [@: Set the time to 1000]
[03Aug2025 00:37:25.554] [Server thread/INFO] [net.minecraft.server.players.PlayerList/]: GatoMazo[/127.226.101.210:49601] logged in with entity id 5669 at (-65.5, 86.0, -155.5)
[03Aug2025 00:37:25.569] [Server thread/INFO] [net.minecraft.server.MinecraftServer/]: GatoMazo joined the game
[03Aug2025 00:37:40.203] [Server thread/INFO] [net.minecraft.server.MinecraftServer/]: [Agus2000: Teleported GatoMazo to Agus2000]
[03Aug2025 00:37:46.170] [Server thread/INFO] [net.minecraft.server.MinecraftServer/]: [Agus2000: Set GatoMazo's game mode to Adventure Mode]
[03Aug2025 00:37:51.051] [Server thread/INFO] [net.minecraft.server.players.PlayerList/]: genero100[/127.190.111.32:41739] logged in with entity id 5691 at (-78.5, 86.0, -174.5)
[03Aug2025 00:37:51.060] [Server thread/INFO] [net.minecraft.server.MinecraftServer/]: genero100 joined the game
[03Aug2025 00:38:05.249] [Server thread/INFO] [net.minecraft.server.MinecraftServer/]: [Agus2000: Teleported genero100 to Agus2000]
[03Aug2025 00:38:13.455] [Server thread/INFO] [net.minecraft.server.MinecraftServer/]: [Agus2000: Set genero100's game mode to Adventure Mode]
[03Aug2025 00:38:48.718] [Server thread/INFO] [net.minecraft.server.MinecraftServer/]: [Not Secure] <genero100> yo que
[03Aug2025 00:39:04.930] [Server thread/INFO] [net.minecraft.server.MinecraftServer/]: [Not Secure] <GatoMazo> no se puede
[03Aug2025 00:39:05.702] [Server thread/INFO] [net.minecraft.server.MinecraftServer/]: [Not Secure] <genero100> no deja
[03Aug2025 00:39:07.294] [Server thread/INFO] [net.minecraft.server.MinecraftServer/]: [@: Set the time to 1000]
[03Aug2025 00:39:08.939] [Server thread/INFO] [net.minecraft.server.MinecraftServer/]: [Not Secure] <GatoMazo> esta en aventura
[03Aug2025 00:39:10.241] [Server thread/INFO] [net.minecraft.server.MinecraftServer/]: [Not Secure] <GatoMazo> xd
[03Aug2025 00:39:13.609] [Server thread/INFO] [net.minecraft.server.MinecraftServer/]: [Agus2000: Set SALCOPE25's game mode to Survival Mode]
[03Aug2025 00:39:13.610] [Server thread/INFO] [net.minecraft.server.MinecraftServer/]: [Agus2000: Set own game mode to Survival Mode]
[03Aug2025 00:39:13.610] [Server thread/INFO] [net.minecraft.server.MinecraftServer/]: [Agus2000: Set GatoMazo's game mode to Survival Mode]
[03Aug2025 00:39:13.612] [Server thread/INFO] [net.minecraft.server.MinecraftServer/]: [Agus2000: Set genero100's game mode to Survival Mode]
[03Aug2025 00:39:17.426] [Server thread/WARN] [net.minecraft.server.level.ServerPlayerGameMode/]: Mismatch in destroy block pos: BlockPos{x=0, y=0, z=0} BlockPos{x=-75, y=86, z=-158}
[03Aug2025 00:39:17.688] [Server thread/WARN] [net.minecraft.server.level.ServerPlayerGameMode/]: Mismatch in destroy block pos: BlockPos{x=0, y=0, z=0} BlockPos{x=-75, y=86, z=-158}
[03Aug2025 00:39:22.388] [Server thread/WARN] [net.minecraft.server.level.ServerPlayerGameMode/]: Mismatch in destroy block pos: BlockPos{x=0, y=0, z=0} BlockPos{x=-74, y=86, z=-158}
[03Aug2025 00:39:29.519] [Server thread/INFO] [net.minecraft.server.MinecraftServer/]: [Not Secure] <GatoMazo> tiene proteccion de spawn
[03Aug2025 00:39:31.599] [Server thread/INFO] [net.minecraft.server.MinecraftServer/]: [Not Secure] <GatoMazo> creo
[03Aug2025 00:39:31.772] [Netty Epoll Server IO #3/ERROR] [net.minecraftforge.network.NetworkRegistry/NETREGISTRY]: Channels [framework:play,framework:handshake,refurbished_furniture:play] rejected their client side version number
[03Aug2025 00:39:31.772] [Netty Epoll Server IO #3/ERROR] [net.minecraftforge.network.HandshakeHandler/FMLHANDSHAKE]: Terminating connection with client, mismatched mod list
[03Aug2025 00:39:31.804] [Server thread/INFO] [net.minecraft.server.network.ServerLoginPacketListenerImpl/]: com.mojang.authlib.GameProfile@572c7f32[id=<null>,name=Weckstone,properties={},legacy=false] (/127.37.245.80:60855) lost connection: Connection closed - mismatched mod channel list
[03Aug2025 00:39:32.337] [Server thread/WARN] [net.minecraft.server.level.ServerPlayerGameMode/]: Mismatch in destroy block pos: BlockPos{x=0, y=0, z=0} BlockPos{x=-74, y=86, z=-158}
[03Aug2025 00:39:33.634] [Server thread/WARN] [net.minecraft.server.level.ServerPlayerGameMode/]: Mismatch in destroy block pos: BlockPos{x=0, y=0, z=0} BlockPos{x=-75, y=86, z=-158}
[03Aug2025 00:39:33.952] [Server thread/INFO] [net.minecraft.server.MinecraftServer/]: [SALCOPE25: Set own game mode to Creative Mode]
[03Aug2025 00:39:36.661] [Server thread/INFO] [net.minecraft.server.MinecraftServer/]: [Agus2000: Set own game mode to Creative Mode]
[03Aug2025 00:39:40.692] [Server thread/WARN] [net.minecraft.server.level.ServerPlayerGameMode/]: Mismatch in destroy block pos: BlockPos{x=0, y=0, z=0} BlockPos{x=-75, y=86, z=-158}
[03Aug2025 00:39:41.766] [Server thread/INFO] [net.minecraft.server.MinecraftServer/]: [Ice_T166: Set own game mode to Creative Mode]
[03Aug2025 00:39:50.149] [Server thread/INFO] [net.minecraft.server.MinecraftServer/]: [Not Secure] <genero100> pongan el /set spawn point y ya
[03Aug2025 00:39:53.648] [Server thread/INFO] [net.minecraft.server.MinecraftServer/]: [Not Secure] <GatoMazo> ajá
[03Aug2025 00:40:38.166] [Server thread/INFO] [net.minecraft.server.MinecraftServer/]: [Not Secure] <GatoMazo> estamos en survival
[03Aug2025 00:40:44.792] [Server thread/WARN] [net.minecraft.server.level.ServerPlayerGameMode/]: Mismatch in destroy block pos: BlockPos{x=0, y=0, z=0} BlockPos{x=-74, y=86, z=-166}
[03Aug2025 00:40:45.692] [Server thread/WARN] [net.minecraft.server.level.ServerPlayerGameMode/]: Mismatch in destroy block pos: BlockPos{x=0, y=0, z=0} BlockPos{x=-74, y=86, z=-166}
[03Aug2025 00:40:45.822] [Server thread/WARN] [net.minecraft.server.level.ServerPlayerGameMode/]: Mismatch in destroy block pos: BlockPos{x=0, y=0, z=0} BlockPos{x=-74, y=86, z=-166}
[03Aug2025 00:40:48.801] [Server thread/INFO] [net.minecraft.server.MinecraftServer/]: [Agus2000: Set SALCOPE25's game mode to Survival Mode]
[03Aug2025 00:40:48.801] [Server thread/INFO] [net.minecraft.server.MinecraftServer/]: [Agus2000: Set own game mode to Survival Mode]
[03Aug2025 00:40:48.801] [Server thread/INFO] [net.minecraft.server.MinecraftServer/]: [Agus2000: Set Ice_T166's game mode to Survival Mode]
[03Aug2025 00:40:52.192] [Server thread/INFO] [net.minecraft.server.MinecraftServer/]: [Agus2000: Set own game mode to Creative Mode]
[03Aug2025 00:40:57.400] [Server thread/INFO] [net.minecraft.server.network.ServerGamePacketListenerImpl/]: Ice_T166 lost connection: You logged in from another location
[03Aug2025 00:40:57.400] [Server thread/INFO] [net.minecraft.server.MinecraftServer/]: Ice_T166 left the game
[03Aug2025 00:40:57.452] [Server thread/WARN] [net.minecraft.network.Connection/]: handleDisconnection() called twice
[03Aug2025 00:40:57.454] [Server thread/INFO] [net.minecraft.server.players.PlayerList/]: Ice_T166[/127.92.129.14:39067] logged in with entity id 5967 at (-76.1214356008631, 86.0, -162.68740174202142)
[03Aug2025 00:40:57.479] [Server thread/INFO] [net.minecraft.server.MinecraftServer/]: Ice_T166 joined the game
[03Aug2025 00:41:02.943] [Server thread/INFO] [net.minecraft.server.MinecraftServer/]: [Agus2000: Set genero100's game mode to Creative Mode]
[03Aug2025 00:41:14.471] [Server thread/INFO] [net.minecraft.server.MinecraftServer/]: [SALCOPE25: Set own game mode to Creative Mode]
[03Aug2025 00:41:15.245] [Server thread/INFO] [net.minecraft.server.MinecraftServer/]: [Agus2000: Made genero100 a server operator]
[03Aug2025 00:41:21.621] [Server thread/INFO] [net.minecraft.server.MinecraftServer/]: [Not Secure] <genero100> ya
[03Aug2025 00:41:27.552] [Server thread/INFO] [net.minecraft.server.network.ServerGamePacketListenerImpl/]: Ice_T166 lost connection: Timed out
[03Aug2025 00:41:27.553] [Server thread/INFO] [net.minecraft.server.MinecraftServer/]: Ice_T166 left the game
[03Aug2025 00:42:03.252] [Server thread/INFO] [net.minecraft.server.players.PlayerList/]: Ice_T166[/127.92.129.14:58507] logged in with entity id 6091 at (-76.1214356008631, 86.0, -162.68740174202142)
[03Aug2025 00:42:03.271] [Server thread/INFO] [net.minecraft.server.MinecraftServer/]: Ice_T166 joined the game
[03Aug2025 00:42:03.610] [Server thread/INFO] [net.minecraft.server.MinecraftServer/]: [Agus2000: Applied effect Regeneration to 5 targets]
[03Aug2025 00:42:27.251] [Server thread/WARN] [net.minecraft.server.level.ServerPlayerGameMode/]: Mismatch in destroy block pos: BlockPos{x=0, y=0, z=0} BlockPos{x=-81, y=85, z=-166}
[03Aug2025 00:42:33.347] [Server thread/INFO] [net.minecraft.server.network.ServerGamePacketListenerImpl/]: Ice_T166 lost connection: Timed out
[03Aug2025 00:42:33.348] [Server thread/INFO] [net.minecraft.server.MinecraftServer/]: Ice_T166 left the game
[03Aug2025 00:42:48.247] [Server thread/INFO] [net.minecraft.server.network.ServerLoginPacketListenerImpl/]: com.mojang.authlib.GameProfile@5c1f2d1f[id=<null>,name=Ice_T166,properties={},legacy=false] (/127.92.129.14:59813) lost connection: Disconnected
[03Aug2025 00:42:53.310] [Server thread/INFO] [net.minecraft.server.players.PlayerList/]: Ice_T166[/127.92.129.14:47495] logged in with entity id 6133 at (-76.1214356008631, 86.0, -162.68740174202142)
[03Aug2025 00:42:53.324] [Server thread/INFO] [net.minecraft.server.MinecraftServer/]: Ice_T166 joined the game
[03Aug2025 00:43:05.699] [Server thread/INFO] [net.minecraft.server.MinecraftServer/]: [Not Secure] <GatoMazo> mano con 3 invitados en el server nomas :sob:
[03Aug2025 00:43:10.115] [Server thread/INFO] [net.minecraft.server.players.PlayerList/]: BluGC[/127.90.13.52:36655] logged in with entity id 6151 at (-78.5, 93.0, -167.5)
[03Aug2025 00:43:10.120] [Server thread/INFO] [net.minecraft.server.MinecraftServer/]: BluGC joined the game
[03Aug2025 00:43:15.070] [Server thread/INFO] [net.minecraft.server.MinecraftServer/]: [Agus2000: Applied effect Regeneration to 6 targets]
[03Aug2025 00:43:16.440] [Server thread/INFO] [net.minecraft.server.MinecraftServer/]: [Not Secure] <BluGC> q
[03Aug2025 00:43:16.675] [Server thread/INFO] [net.minecraft.server.MinecraftServer/]: [Not Secure] <GatoMazo> omg diego enrique
[03Aug2025 00:43:19.877] [Server thread/INFO] [net.minecraft.server.MinecraftServer/]: [Not Secure] <BluGC> calla perra
[03Aug2025 00:43:20.883] [Server thread/INFO] [net.minecraft.server.MinecraftServer/]: [Agus2000: Teleported 6 entities to Agus2000]
[03Aug2025 00:43:21.993] [Server thread/INFO] [net.minecraft.server.MinecraftServer/]: [Not Secure] <BluGC> digo
[03Aug2025 00:43:23.725] [Server thread/INFO] [net.minecraft.server.MinecraftServer/]: [Not Secure] <GatoMazo> XD
[03Aug2025 00:43:29.054] [Server thread/WARN] [net.minecraft.server.level.ServerPlayerGameMode/]: Mismatch in destroy block pos: BlockPos{x=0, y=0, z=0} BlockPos{x=-73, y=87, z=-157}
[03Aug2025 00:43:36.558] [Server thread/WARN] [net.minecraft.server.level.ServerPlayerGameMode/]: Mismatch in destroy block pos: BlockPos{x=0, y=0, z=0} BlockPos{x=-72, y=86, z=-157}
[03Aug2025 00:43:38.709] [Server thread/WARN] [net.minecraft.server.level.ServerPlayerGameMode/]: Mismatch in destroy block pos: BlockPos{x=0, y=0, z=0} BlockPos{x=-71, y=89, z=-161}
[03Aug2025 00:43:38.748] [Server thread/WARN] [net.minecraft.server.level.ServerPlayerGameMode/]: Mismatch in destroy block pos: BlockPos{x=0, y=0, z=0} BlockPos{x=-70, y=88, z=-159}
[03Aug2025 00:43:44.153] [Server thread/WARN] [net.minecraft.server.level.ServerPlayerGameMode/]: Mismatch in destroy block pos: BlockPos{x=0, y=0, z=0} BlockPos{x=-81, y=88, z=-173}
[03Aug2025 00:43:49.247] [Server thread/WARN] [net.minecraft.server.level.ServerPlayerGameMode/]: Mismatch in destroy block pos: BlockPos{x=0, y=0, z=0} BlockPos{x=-80, y=88, z=-174}
[03Aug2025 00:43:49.406] [Server thread/WARN] [net.minecraft.server.level.ServerPlayerGameMode/]: Mismatch in destroy block pos: BlockPos{x=0, y=0, z=0} BlockPos{x=-80, y=88, z=-174}
[03Aug2025 00:43:49.893] [Server thread/WARN] [net.minecraft.server.level.ServerPlayerGameMode/]: Mismatch in destroy block pos: BlockPos{x=0, y=0, z=0} BlockPos{x=-80, y=88, z=-174}
[03Aug2025 00:43:50.348] [Server thread/WARN] [net.minecraft.server.level.ServerPlayerGameMode/]: Mismatch in destroy block pos: BlockPos{x=0, y=0, z=0} BlockPos{x=-81, y=88, z=-173}
[03Aug2025 00:43:51.739] [Server thread/INFO] [net.minecraft.server.MinecraftServer/]: [Not Secure] <genero100> bola de monos
[03Aug2025 00:43:52.598] [Server thread/WARN] [net.minecraft.server.level.ServerPlayerGameMode/]: Mismatch in destroy block pos: BlockPos{x=0, y=0, z=0} BlockPos{x=-81, y=87, z=-173}
[03Aug2025 00:43:55.098] [Server thread/WARN] [net.minecraft.server.level.ServerPlayerGameMode/]: Mismatch in destroy block pos: BlockPos{x=0, y=0, z=0} BlockPos{x=-80, y=86, z=-163}
[03Aug2025 00:43:57.639] [Server thread/INFO] [net.minecraft.server.MinecraftServer/]: [Agus2000: Set own game mode to Survival Mode]
[03Aug2025 00:44:06.401] [Server thread/WARN] [net.minecraft.server.level.ServerPlayerGameMode/]: Mismatch in destroy block pos: BlockPos{x=0, y=0, z=0} BlockPos{x=-73, y=86, z=-164}
[03Aug2025 00:44:19.390] [Server thread/WARN] [net.minecraft.server.level.ServerPlayerGameMode/]: Mismatch in destroy block pos: BlockPos{x=0, y=0, z=0} BlockPos{x=-77, y=86, z=-159}
[03Aug2025 00:44:22.116] [Server thread/WARN] [net.minecraft.server.level.ServerPlayerGameMode/]: Mismatch in destroy block pos: BlockPos{x=0, y=0, z=0} BlockPos{x=-72, y=85, z=-158}
[03Aug2025 00:44:22.260] [Server thread/WARN] [net.minecraft.server.level.ServerPlayerGameMode/]: Mismatch in destroy block pos: BlockPos{x=0, y=0, z=0} BlockPos{x=-72, y=85, z=-158}
[03Aug2025 00:44:28.716] [Server thread/WARN] [net.minecraft.server.level.ServerPlayerGameMode/]: Mismatch in destroy block pos: BlockPos{x=0, y=0, z=0} BlockPos{x=-75, y=86, z=-162}
[03Aug2025 00:44:29.443] [Server thread/INFO] [net.minecraft.server.MinecraftServer/]: [Not Secure] <GatoMazo> mano modo aventura igual nos pegamos
[03Aug2025 00:44:30.485] [Server thread/INFO] [net.minecraft.server.MinecraftServer/]: [Agus2000: Set SALCOPE25's game mode to Adventure Mode]
[03Aug2025 00:44:30.486] [Server thread/INFO] [net.minecraft.server.MinecraftServer/]: [Agus2000: Set own game mode to Adventure Mode]
[03Aug2025 00:44:30.487] [Server thread/INFO] [net.minecraft.server.MinecraftServer/]: [Agus2000: Set GatoMazo's game mode to Adventure Mode]
[03Aug2025 00:44:30.488] [Server thread/INFO] [net.minecraft.server.MinecraftServer/]: [Agus2000: Set genero100's game mode to Adventure Mode]
[03Aug2025 00:44:30.489] [Server thread/INFO] [net.minecraft.server.MinecraftServer/]: [Agus2000: Set Ice_T166's game mode to Adventure Mode]
[03Aug2025 00:44:30.490] [Server thread/INFO] [net.minecraft.server.MinecraftServer/]: [Agus2000: Set BluGC's game mode to Adventure Mode]
[03Aug2025 00:44:30.784] [Server thread/INFO] [net.minecraft.server.MinecraftServer/]: [Not Secure] <GatoMazo> XD
[03Aug2025 00:44:36.041] [Server thread/INFO] [net.minecraft.server.MinecraftServer/]: [SALCOPE25: Set own game mode to Creative Mode]
[03Aug2025 00:44:36.475] [Server thread/INFO] [net.minecraft.server.MinecraftServer/]: [Not Secure] <BluGC> pero no puedo sentarme
[03Aug2025 00:44:37.360] [Server thread/INFO] [net.minecraft.server.MinecraftServer/]: [Not Secure] <BluGC> wa
[03Aug2025 00:44:38.373] [Server thread/INFO] [net.minecraft.server.players.PlayerList/]: El_Pablos21[/127.201.135.140:44407] logged in with entity id 6276 at (-72.5, 93.0, -155.5)
[03Aug2025 00:44:38.391] [Server thread/INFO] [net.minecraft.server.MinecraftServer/]: El_Pablos21 joined the game
[03Aug2025 00:44:42.103] [Server thread/INFO] [net.minecraft.server.MinecraftServer/]: [Not Secure] <GatoMazo> pero tampoco podemos interactuar
[03Aug2025 00:44:44.705] [Server thread/INFO] [net.minecraft.server.MinecraftServer/]: [Agus2000: Set SALCOPE25's game mode to Adventure Mode]
[03Aug2025 00:44:44.706] [Server thread/INFO] [net.minecraft.server.MinecraftServer/]: [Agus2000: Set El_Pablos21's game mode to Adventure Mode]
[03Aug2025 00:44:48.509] [Server thread/INFO] [net.minecraft.server.MinecraftServer/]: [Agus2000: Applied effect Regeneration to 7 targets]
[03Aug2025 00:44:48.770] [Server thread/INFO] [net.minecraft.server.MinecraftServer/]: [SALCOPE25: Set own game mode to Creative Mode]
[03Aug2025 00:44:49.159] [Server thread/INFO] [net.minecraft.server.MinecraftServer/]: [Not Secure] <GatoMazo> tipo namas en creativo nos sentamos
[03Aug2025 00:44:54.655] [Server thread/INFO] [net.minecraft.server.MinecraftServer/]: [Agus2000: Teleported El_Pablos21 to Agus2000]
